<?xml version="1.0" encoding="UTF-8"?>
<!-- Generated by org.testng.reporters.JUnitXMLReporter -->
<testsuite hostname="DESKTOP-U1OL4JI" failures="2" tests="10" name="billing part 1" time="1643.198" errors="0" timestamp="27 May 2021 08:28:44 GMT">
  <testcase classname="com.triotree.website.Billing.CreditLimitTest" name="creditLimitTest" time="123.1">
    <failure type="org.openqa.selenium.NoSuchElementException" message="no such element: Unable to locate element: {&amp;quot;method&amp;quot;:&amp;quot;xpath&amp;quot;,&amp;quot;selector&amp;quot;:&amp;quot;//label[text()=&amp;apos;New Credit Limit&amp;apos;]/..//textarea[@id=&amp;apos;txtnewcl&amp;apos;]&amp;quot;}
  (Session info: chrome=91.0.4472.77)
For documentation on this error, please visit: http://seleniumhq.org/exceptions/no_such_element.html
Build info: version: &amp;apos;3.7.1&amp;apos;, revision: &amp;apos;8a0099a&amp;apos;, time: &amp;apos;2017-11-06T21:01:39.354Z&amp;apos;
System info: host: &amp;apos;DESKTOP-U1OL4JI&amp;apos;, ip: &amp;apos;10.81.234.9&amp;apos;, os.name: &amp;apos;Windows 10&amp;apos;, os.arch: &amp;apos;amd64&amp;apos;, os.version: &amp;apos;10.0&amp;apos;, java.version: &amp;apos;10.0.2&amp;apos;
Driver info: org.openqa.selenium.chrome.ChromeDriver
Capabilities {acceptInsecureCerts: false, browserName: chrome, browserVersion: 91.0.4472.77, chrome: {chromedriverVersion: 91.0.4472.19 (1bf021f248676..., userDataDir: C:\Users\Nishant\AppData\Lo...}, goog:chromeOptions: {debuggerAddress: localhost:59849}, javascriptEnabled: true, networkConnectionEnabled: false, pageLoadStrategy: normal, platform: WINDOWS, platformName: WINDOWS, proxy: Proxy(), setWindowRect: true, strictFileInteractability: false, timeouts: {implicit: 0, pageLoad: 300000, script: 30000}, unhandledPromptBehavior: dismiss and notify, webauthn:extension:largeBlob: true, webauthn:virtualAuthenticators: true}
Session ID: b6b4f42a91aabd118847f261eedb705a
*** Element info: {Using=xpath, value=//label[text()=&amp;apos;New Credit Limit&amp;apos;]/..//textarea[@id=&amp;apos;txtnewcl&amp;apos;]}">
      <![CDATA[org.openqa.selenium.NoSuchElementException: no such element: Unable to locate element: {"method":"xpath","selector":"//label[text()='New Credit Limit']/..//textarea[@id='txtnewcl']"}
  (Session info: chrome=91.0.4472.77)
For documentation on this error, please visit: http://seleniumhq.org/exceptions/no_such_element.html
Build info: version: '3.7.1', revision: '8a0099a', time: '2017-11-06T21:01:39.354Z'
System info: host: 'DESKTOP-U1OL4JI', ip: '10.81.234.9', os.name: 'Windows 10', os.arch: 'amd64', os.version: '10.0', java.version: '10.0.2'
Driver info: org.openqa.selenium.chrome.ChromeDriver
Capabilities {acceptInsecureCerts: false, browserName: chrome, browserVersion: 91.0.4472.77, chrome: {chromedriverVersion: 91.0.4472.19 (1bf021f248676..., userDataDir: C:\Users\Nishant\AppData\Lo...}, goog:chromeOptions: {debuggerAddress: localhost:59849}, javascriptEnabled: true, networkConnectionEnabled: false, pageLoadStrategy: normal, platform: WINDOWS, platformName: WINDOWS, proxy: Proxy(), setWindowRect: true, strictFileInteractability: false, timeouts: {implicit: 0, pageLoad: 300000, script: 30000}, unhandledPromptBehavior: dismiss and notify, webauthn:extension:largeBlob: true, webauthn:virtualAuthenticators: true}
Session ID: b6b4f42a91aabd118847f261eedb705a
*** Element info: {Using=xpath, value=//label[text()='New Credit Limit']/..//textarea[@id='txtnewcl']}
	at org.openqa.selenium.remote.http.W3CHttpResponseCodec.createException(W3CHttpResponseCodec.java:187)
	at org.openqa.selenium.remote.http.W3CHttpResponseCodec.decode(W3CHttpResponseCodec.java:122)
	at org.openqa.selenium.remote.http.W3CHttpResponseCodec.decode(W3CHttpResponseCodec.java:49)
	at org.openqa.selenium.remote.HttpCommandExecutor.execute(HttpCommandExecutor.java:164)
	at org.openqa.selenium.remote.service.DriverCommandExecutor.execute(DriverCommandExecutor.java:83)
	at org.openqa.selenium.remote.RemoteWebDriver.execute(RemoteWebDriver.java:600)
	at org.openqa.selenium.remote.RemoteWebDriver.findElement(RemoteWebDriver.java:370)
	at org.openqa.selenium.remote.RemoteWebDriver.findElementByXPath(RemoteWebDriver.java:472)
	at org.openqa.selenium.By$ByXPath.findElement(By.java:361)
	at org.openqa.selenium.remote.RemoteWebDriver.findElement(RemoteWebDriver.java:362)
	at com.triotree.driver.website.TTWebsiteDriver.enterInputData(TTWebsiteDriver.java:755)
	at com.triotree.website.pages.Billing.CreditLimitPage.enterCreditLimit(CreditLimitPage.java:94)
	at com.triotree.website.Billing.CreditLimitTest.creditLimitTest(CreditLimitTest.java:51)
... Removed 28 stack frames]]>
    </failure>
  </testcase> <!-- creditLimitTest -->
  <testcase classname="com.triotree.website.Billing.PrintPatientOnlyBillTest" name="printPatientOnlyBillTest" time="134.159"/>
  <testcase classname="com.triotree.website.Billing.EstimationComparisonReportTest" name="estimationComparisonReportTest" time="101.128"/>
  <testcase classname="com.triotree.website.Billing.ChangeBillableBedFromTransferTrackingAndBillableBedForSurgery" name="changeBillableBedFromTransferTrackingAndBillableBedForSurgery" time="83.178"/>
  <testcase classname="com.triotree.website.Billing.ReportCommonScroll" name="commonscrollreport" time="93.938"/>
  <testcase classname="com.triotree.website.Billing.UnBilledUnsettledBillReportTest" name="unBilledUnsettledBillReportTest" time="218.092"/>
  <testcase classname="com.triotree.website.Billing.PrintCompanyonlyBillTest" name="printCompanyonlyBillTest" time="141.526"/>
  <testcase classname="com.triotree.website.Billing.IPBillingDetailedBillForCompanyOnlyTest" name="iPBillingDetailedBillForCompanyOnlyTest" time="155.534"/>
  <testcase classname="com.triotree.website.Billing.ChangeofBedCategoryReportTest" name="changeofBedCategoryReportTest" time="116.904">
    <failure type="org.openqa.selenium.NoSuchElementException" message="Cannot locate element with text: L1-SANITY-T3
For documentation on this error, please visit: http://seleniumhq.org/exceptions/no_such_element.html
Build info: version: &amp;apos;3.7.1&amp;apos;, revision: &amp;apos;8a0099a&amp;apos;, time: &amp;apos;2017-11-06T21:01:39.354Z&amp;apos;
System info: host: &amp;apos;DESKTOP-U1OL4JI&amp;apos;, ip: &amp;apos;10.81.234.9&amp;apos;, os.name: &amp;apos;Windows 10&amp;apos;, os.arch: &amp;apos;amd64&amp;apos;, os.version: &amp;apos;10.0&amp;apos;, java.version: &amp;apos;10.0.2&amp;apos;
Driver info: driver.version: TTWebsiteDriver">
      <![CDATA[org.openqa.selenium.NoSuchElementException: Cannot locate element with text: L1-SANITY-T3
For documentation on this error, please visit: http://seleniumhq.org/exceptions/no_such_element.html
Build info: version: '3.7.1', revision: '8a0099a', time: '2017-11-06T21:01:39.354Z'
System info: host: 'DESKTOP-U1OL4JI', ip: '10.81.234.9', os.name: 'Windows 10', os.arch: 'amd64', os.version: '10.0', java.version: '10.0.2'
Driver info: driver.version: TTWebsiteDriver
	at org.openqa.selenium.support.ui.Select.selectByVisibleText(Select.java:151)
	at com.triotree.driver.website.TTWebsiteDriver.selectByvisibletext(TTWebsiteDriver.java:721)
	at com.triotree.driver.website.TTWebsiteDriver.selectclass(TTWebsiteDriver.java:732)
	at com.triotree.website.pages.Billing.CancelIPInvestigationReportPage.selectFacility(CancelIPInvestigationReportPage.java:105)
	at com.triotree.website.Billing.ChangeofBedCategoryReportTest.changeofBedCategoryReportTest(ChangeofBedCategoryReportTest.java:39)
... Removed 24 stack frames]]>
    </failure>
  </testcase> <!-- changeofBedCategoryReportTest -->
  <testcase classname="com.triotree.website.Billing.IPBillingMedicalEquipmentTest" name="ipBillingMedicalEquipmentTest" time="130.967"/>
</testsuite> <!-- billing part 1 -->
