<?xml version="1.0" encoding="UTF-8"?>
<!-- Generated by org.testng.reporters.JUnitXMLReporter -->
<testsuite hostname="DESKTOP-U1OL4JI" failures="1" tests="1" name="Test34" time="81.267" errors="0" timestamp="22 Jan 2021 06:03:25 GMT">
  <testcase classname="com.triotree.website.Physician.MasterNotificationTest" name="masterNotificationTest" time="66.916">
    <failure type="org.openqa.selenium.NoSuchElementException" message="Cannot locate element with text: Cardiology
For documentation on this error, please visit: http://seleniumhq.org/exceptions/no_such_element.html
Build info: version: &amp;apos;3.7.1&amp;apos;, revision: &amp;apos;8a0099a&amp;apos;, time: &amp;apos;2017-11-06T21:01:39.354Z&amp;apos;
System info: host: &amp;apos;DESKTOP-U1OL4JI&amp;apos;, ip: &amp;apos;206.19.38.118&amp;apos;, os.name: &amp;apos;Windows 10&amp;apos;, os.arch: &amp;apos;amd64&amp;apos;, os.version: &amp;apos;10.0&amp;apos;, java.version: &amp;apos;10.0.2&amp;apos;
Driver info: driver.version: TTWebsiteDriver">
      <![CDATA[org.openqa.selenium.NoSuchElementException: Cannot locate element with text: Cardiology
For documentation on this error, please visit: http://seleniumhq.org/exceptions/no_such_element.html
Build info: version: '3.7.1', revision: '8a0099a', time: '2017-11-06T21:01:39.354Z'
System info: host: 'DESKTOP-U1OL4JI', ip: '206.19.38.118', os.name: 'Windows 10', os.arch: 'amd64', os.version: '10.0', java.version: '10.0.2'
Driver info: driver.version: TTWebsiteDriver
	at org.openqa.selenium.support.ui.Select.selectByVisibleText(Select.java:151)
	at com.triotree.driver.website.TTWebsiteDriver.selectByvisibletext(TTWebsiteDriver.java:716)
	at com.triotree.website.pages.Physician.MasterCopyVisitPage.selectNotificationsSpecility(MasterCopyVisitPage.java:88)
	at com.triotree.website.pages.Physician.MasterCopyVisitPage.verifySelectedNotificationsdata(MasterCopyVisitPage.java:115)
	at com.triotree.website.Physician.MasterNotificationTest.masterNotificationTest(MasterNotificationTest.java:53)
... Removed 24 stack frames]]>
    </failure>
  </testcase> <!-- masterNotificationTest -->
</testsuite> <!-- Test34 -->
